<?xml version="1.0" encoding="UTF-8"?>
<testsuite xmlns:xsi="http://www.w3.org/2001/XMLSchema-instance" xsi:noNamespaceSchemaLocation="https://maven.apache.org/surefire/maven-surefire-plugin/xsd/surefire-test-report-3.0.xsd" version="3.0" name="TestSuite" time="10.901" tests="4" errors="0" skipped="0" failures="0">
  <properties>
[...]
</properties>
  <testcase name="testPostUser" classname="api.tests.UserTests" time="3.285">
    <system-out><![CDATA[2025-07-12 02:55:27 [main] INFO  api.tests.UserTests - *********Creating User*********************
HTTP/1.1 200 OK
Date: Fri, 11 Jul 2025 21:25:30 GMT
Content-Type: application/json
Transfer-Encoding: chunked
Connection: keep-alive
Access-Control-Allow-Origin: *
Access-Control-Allow-Methods: GET, POST, DELETE, PUT
Access-Control-Allow-Headers: Content-Type, api_key, Authorization
Server: Jetty(9.2.9.v20150224)

{
    "code": 200,
    "type": "unknown",
    "message": "1601687801"
}
2025-07-12 02:55:30 [main] INFO  api.tests.UserTests - **********User is created************
]]></system-out>
    <system-err><![CDATA[SLF4J: Failed to load class "org.slf4j.impl.StaticLoggerBinder".
SLF4J: Defaulting to no-operation (NOP) logger implementation
SLF4J: See http://www.slf4j.org/codes.html#StaticLoggerBinder for further details.
]]></system-err>
  </testcase>
  <testcase name="testGetUserByName" classname="api.tests.UserTests" time="1.417">
    <system-out><![CDATA[2025-07-12 02:55:30 [main] INFO  api.tests.UserTests - *********Reading User Info*********************
HTTP/1.1 200 OK
Date: Fri, 11 Jul 2025 21:25:32 GMT
Content-Type: application/json
Transfer-Encoding: chunked
Connection: keep-alive
Access-Control-Allow-Origin: *
Access-Control-Allow-Methods: GET, POST, DELETE, PUT
Access-Control-Allow-Headers: Content-Type, api_key, Authorization
Server: Jetty(9.2.9.v20150224)

{
    "id": 1601687801,
    "username": "cody.beer",
    "firstName": "Bettina",
    "lastName": "Hansen",
    "email": "lacy.hand@hotmail.com",
    "password": "h4xsh",
    "phone": "(687) 339-4827",
    "userStatus": 0
}
2025-07-12 02:55:31 [main] INFO  api.tests.UserTests - ********* User Info is displayed*********************
]]></system-out>
  </testcase>
  <testcase name="testUpdateUserByName" classname="api.tests.UserTests" time="2.8">
    <system-out><![CDATA[2025-07-12 02:55:31 [main] INFO  api.tests.UserTests - *********Updating User Info*********************
HTTP/1.1 200 OK
Date: Fri, 11 Jul 2025 21:25:33 GMT
Content-Type: application/json
Transfer-Encoding: chunked
Connection: keep-alive
Access-Control-Allow-Origin: *
Access-Control-Allow-Methods: GET, POST, DELETE, PUT
Access-Control-Allow-Headers: Content-Type, api_key, Authorization
Server: Jetty(9.2.9.v20150224)

{
    "code": 200,
    "type": "unknown",
    "message": "1601687801"
}
HTTP/1.1 200 OK
Date: Fri, 11 Jul 2025 21:25:33 GMT
Content-Type: application/json
Transfer-Encoding: chunked
Connection: keep-alive
Access-Control-Allow-Origin: *
Access-Control-Allow-Methods: GET, POST, DELETE, PUT
Access-Control-Allow-Headers: Content-Type, api_key, Authorization
Server: Jetty(9.2.9.v20150224)

{
    "code": 200,
    "type": "unknown",
    "message": "1601687801"
}
2025-07-12 02:55:34 [main] INFO  api.tests.UserTests - *********Updated User Info*********************
]]></system-out>
  </testcase>
  <testcase name="testDeletUsereByName" classname="api.tests.UserTests" time="1.39">
    <system-out><![CDATA[2025-07-12 02:55:34 [main] INFO  api.tests.UserTests - *********Deleting User Info*********************
HTTP/1.1 200 OK
Date: Fri, 11 Jul 2025 21:25:36 GMT
Content-Type: application/json
Transfer-Encoding: chunked
Connection: keep-alive
Access-Control-Allow-Origin: *
Access-Control-Allow-Methods: GET, POST, DELETE, PUT
Access-Control-Allow-Headers: Content-Type, api_key, Authorization
Server: Jetty(9.2.9.v20150224)

{
    "code": 200,
    "type": "unknown",
    "message": "cody.beer"
}
2025-07-12 02:55:35 [main] INFO  api.tests.UserTests - *********Deleted User Info*********************
]]></system-out>
  </testcase>
</testsuite>