<?xml version="1.0" encoding="UTF-8"?>
<testng-results ignored="0" total="4" passed="4" failed="0" skipped="0">
  <reporter-output>
  </reporter-output>
  <suite started-at="2025-07-12T01:20:17 IST" name="PetSuite" finished-at="2025-07-12T01:20:27 IST" duration-ms="9752">
    <groups>
    </groups>
    <test started-at="2025-07-12T01:20:17 IST" name="PetTest" finished-at="2025-07-12T01:20:27 IST" duration-ms="9752">
      <class name="api.tests.UserTests">
        <test-method is-config="true" signature="setupData()[pri:0, instance:api.tests.UserTests@75d4a5c2]" started-at="2025-07-12T01:20:18 IST" name="setupData" finished-at="2025-07-12T01:20:18 IST" duration-ms="720" status="PASS">
          <reporter-output>
          </reporter-output>
        </test-method> <!-- setupData -->
        <test-method signature="testPostUser()[pri:1, instance:api.tests.UserTests@75d4a5c2]" started-at="2025-07-12T01:20:18 IST" name="testPostUser" finished-at="2025-07-12T01:20:22 IST" duration-ms="3282" status="PASS">
          <reporter-output>
          </reporter-output>
        </test-method> <!-- testPostUser -->
        <test-method signature="testGetUserByName()[pri:2, instance:api.tests.UserTests@75d4a5c2]" started-at="2025-07-12T01:20:22 IST" name="testGetUserByName" finished-at="2025-07-12T01:20:23 IST" duration-ms="1357" status="PASS">
          <reporter-output>
          </reporter-output>
        </test-method> <!-- testGetUserByName -->
        <test-method signature="testUpdateUserByName()[pri:3, instance:api.tests.UserTests@75d4a5c2]" started-at="2025-07-12T01:20:23 IST" name="testUpdateUserByName" finished-at="2025-07-12T01:20:26 IST" duration-ms="2672" status="PASS">
          <reporter-output>
          </reporter-output>
        </test-method> <!-- testUpdateUserByName -->
        <test-method signature="testDeletUsereByName()[pri:4, instance:api.tests.UserTests@75d4a5c2]" started-at="2025-07-12T01:20:26 IST" name="testDeletUsereByName" finished-at="2025-07-12T01:20:27 IST" duration-ms="1385" status="PASS">
          <reporter-output>
          </reporter-output>
        </test-method> <!-- testDeletUsereByName -->
      </class> <!-- api.tests.UserTests -->
    </test> <!-- PetTest -->
  </suite> <!-- PetSuite -->
</testng-results>
