<?xml version="1.0" encoding="UTF-8"?>
<!-- Generated by org.testng.reporters.JUnitXMLReporter -->
<testsuite ignored="0" hostname="DESKTOP-34D8979" failures="1" tests="4" name="PetTest" time="9.516" errors="0" timestamp="2025-07-12T06:49:24 IST">
  <testcase classname="api.tests.UserTests" name="testPostUser" time="3.364"/>
  <testcase classname="api.tests.UserTests" name="testGetUserByName" time="1.269">
    <failure type="java.lang.AssertionError" message="expected [200] but found [404]">
      <![CDATA[java.lang.AssertionError: expected [200] but found [404]
at api.tests.UserTests.testGetUserByName(UserTests.java:65)
at java.base/java.util.ArrayList.forEach(ArrayList.java:1511)
... Removed 38 stack frames]]>
    </failure>
  </testcase> <!-- testGetUserByName -->
  <testcase classname="api.tests.UserTests" name="testUpdateUserByName" time="2.363"/>
  <testcase classname="api.tests.UserTests" name="testDeletUsereByName" time="1.191"/>
</testsuite> <!-- PetTest -->
