<?xml version="1.0" encoding="UTF-8"?>
<!-- Generated by org.testng.reporters.JUnitXMLReporter -->
<testsuite ignored="0" hostname="DESKTOP-34D8979" failures="0" tests="4" name="PetTest" time="9.966" errors="0" timestamp="2025-07-12T02:55:36 IST">
  <testcase classname="api.tests.UserTests" name="testPostUser" time="3.279"/>
  <testcase classname="api.tests.UserTests" name="testGetUserByName" time="1.418"/>
  <testcase classname="api.tests.UserTests" name="testUpdateUserByName" time="2.797"/>
  <testcase classname="api.tests.UserTests" name="testDeletUsereByName" time="1.387"/>
</testsuite> <!-- PetTest -->
